20-01-20 Mon 00:00:43.860 INFO  16332 --- [    main] ZuulGatewayApplication                   : No active profile set, falling back to default profiles: default
20-01-20 Mon 00:00:46.387 WARN  16332 --- [    main] EndpointId                               : Endpoint ID 'service-registry' contains invalid characters, please migrate to a valid format.
20-01-20 Mon 00:00:46.448 WARN  16332 --- [    main] EndpointId                               : Endpoint ID 'hystrix.stream' contains invalid characters, please migrate to a valid format.
20-01-20 Mon 00:00:47.213 INFO  16332 --- [    main] GenericScope                             : BeanFactory id=bb0ec387-e08b-3ba1-bfde-e5ea938a16b7
20-01-20 Mon 00:00:47.295 INFO  16332 --- [    main] trationDelegate$BeanPostProcessorChecker : Bean 'com.megatravel.service.AgentBackendService' of type [org.springframework.cloud.openfeign.FeignClientFactoryBean] is not eligible for getting processed by all BeanPostProcessors (for example: not eligible for auto-proxying)
20-01-20 Mon 00:00:47.300 INFO  16332 --- [    main] trationDelegate$BeanPostProcessorChecker : Bean 'com.megatravel.service.MainBackendService' of type [org.springframework.cloud.openfeign.FeignClientFactoryBean] is not eligible for getting processed by all BeanPostProcessors (for example: not eligible for auto-proxying)
20-01-20 Mon 00:00:47.911 INFO  16332 --- [    main] trationDelegate$BeanPostProcessorChecker : Bean 'org.springframework.cloud.autoconfigure.ConfigurationPropertiesRebinderAutoConfiguration' of type [org.springframework.cloud.autoconfigure.ConfigurationPropertiesRebinderAutoConfiguration$$EnhancerBySpringCGLIB$$23fdb582] is not eligible for getting processed by all BeanPostProcessors (for example: not eligible for auto-proxying)
20-01-20 Mon 00:00:48.768 INFO  16332 --- [    main] TomcatWebServer                          : Tomcat initialized with port(s): 8443 (https) 8900 (http)
20-01-20 Mon 00:00:48.908 INFO  16332 --- [    main] StandardService                          : Starting service [Tomcat]
20-01-20 Mon 00:00:48.909 INFO  16332 --- [    main] StandardEngine                           : Starting Servlet engine: [Apache Tomcat/9.0.17]
20-01-20 Mon 00:00:49.655 INFO  16332 --- [    main] [/]                                      : Initializing Spring embedded WebApplicationContext
20-01-20 Mon 00:00:49.656 INFO  16332 --- [    main] ContextLoader                            : Root WebApplicationContext: initialization completed in 5747 ms
20-01-20 Mon 00:00:50.253 WARN  16332 --- [    main] URLConfigurationSource                   : No URLs will be polled as dynamic configuration sources.
20-01-20 Mon 00:00:50.259 INFO  16332 --- [    main] URLConfigurationSource                   : To enable URLs as dynamic configuration sources, define System property archaius.configurationSource.additionalUrls or make config.properties available on classpath.
20-01-20 Mon 00:00:50.284 INFO  16332 --- [    main] DynamicPropertyFactory                   : DynamicPropertyFactory is initialized with configuration sources: com.netflix.config.ConcurrentCompositeConfiguration@13f40d71
20-01-20 Mon 00:00:54.023 INFO  16332 --- [    main] InetUtils                                : Cannot determine local hostname
20-01-20 Mon 00:00:55.931 INFO  16332 --- [    main] InetUtils                                : Cannot determine local hostname
20-01-20 Mon 00:00:57.936 INFO  16332 --- [    main] DiscoveryJerseyProvider                  : Using JSON encoding codec LegacyJacksonJson
20-01-20 Mon 00:00:57.938 INFO  16332 --- [    main] DiscoveryJerseyProvider                  : Using JSON decoding codec LegacyJacksonJson
20-01-20 Mon 00:00:58.155 INFO  16332 --- [    main] DiscoveryJerseyProvider                  : Using XML encoding codec XStreamXml
20-01-20 Mon 00:00:58.155 INFO  16332 --- [    main] DiscoveryJerseyProvider                  : Using XML decoding codec XStreamXml
20-01-20 Mon 00:00:58.710 INFO  16332 --- [    main] ServletEndpointRegistrar                 : Registered '/actuator/hystrix.stream' to hystrix.stream-actuator-endpoint
20-01-20 Mon 00:00:58.996 INFO  16332 --- [    main] UserDetailsServiceAutoConfiguration      : 

Using generated security password: 0404e508-e6fb-49ce-8ede-e5c6e0437d19

20-01-20 Mon 00:00:59.066 INFO  16332 --- [    main] DefaultSecurityFilterChain               : Creating filter chain: Ant [pattern='/*/'], []
20-01-20 Mon 00:00:59.066 INFO  16332 --- [    main] DefaultSecurityFilterChain               : Creating filter chain: Ant [pattern='/**', OPTIONS], []
20-01-20 Mon 00:00:59.066 INFO  16332 --- [    main] DefaultSecurityFilterChain               : Creating filter chain: Ant [pattern='/**', POST], []
20-01-20 Mon 00:00:59.066 INFO  16332 --- [    main] DefaultSecurityFilterChain               : Creating filter chain: Ant [pattern='/**', PUT], []
20-01-20 Mon 00:00:59.066 INFO  16332 --- [    main] DefaultSecurityFilterChain               : Creating filter chain: Ant [pattern='/**', DELETE], []
20-01-20 Mon 00:00:59.067 INFO  16332 --- [    main] DefaultSecurityFilterChain               : Creating filter chain: Ant [pattern='/**', GET], []
20-01-20 Mon 00:00:59.107 INFO  16332 --- [    main] ChannelProcessingFilter                  : Validated configuration attributes
20-01-20 Mon 00:00:59.108 INFO  16332 --- [    main] DefaultSecurityFilterChain               : Creating filter chain: any request, [org.springframework.security.web.access.channel.ChannelProcessingFilter@27053257, org.springframework.security.web.context.request.async.WebAsyncManagerIntegrationFilter@6a0e97fc, org.springframework.security.web.context.SecurityContextPersistenceFilter@66a8751a, org.springframework.security.web.header.HeaderWriterFilter@586486c, org.springframework.security.web.authentication.logout.LogoutFilter@517bdce0, org.springframework.security.web.savedrequest.RequestCacheAwareFilter@12200670, org.springframework.security.web.servletapi.SecurityContextHolderAwareRequestFilter@670c171c, org.springframework.security.web.authentication.AnonymousAuthenticationFilter@662713b6, org.springframework.security.web.session.SessionManagementFilter@409395b9, org.springframework.security.web.access.ExceptionTranslationFilter@2095c331, org.springframework.security.web.access.intercept.FilterSecurityInterceptor@7d5a0b14]
20-01-20 Mon 00:00:59.147 WARN  16332 --- [    main] URLConfigurationSource                   : No URLs will be polled as dynamic configuration sources.
20-01-20 Mon 00:00:59.148 INFO  16332 --- [    main] URLConfigurationSource                   : To enable URLs as dynamic configuration sources, define System property archaius.configurationSource.additionalUrls or make config.properties available on classpath.
20-01-20 Mon 00:00:59.562 INFO  16332 --- [    main] ThreadPoolTaskExecutor                   : Initializing ExecutorService 'applicationTaskExecutor'
20-01-20 Mon 00:01:01.334 INFO  16332 --- [    main] EndpointLinksResolver                    : Exposing 23 endpoint(s) beneath base path '/actuator'
20-01-20 Mon 00:01:02.208 INFO  16332 --- [    main] ZuulFilterInitializer                    : Starting filter initializer
20-01-20 Mon 00:01:02.562 INFO  16332 --- [    main] InstanceInfoFactory                      : Setting initial instance status as: STARTING
20-01-20 Mon 00:01:02.606 INFO  16332 --- [    main] DiscoveryClient                          : Initializing Eureka in region us-east-1
20-01-20 Mon 00:01:02.712 INFO  16332 --- [    main] ConfigClusterResolver                    : Resolving eureka endpoints via configuration
20-01-20 Mon 00:01:04.830 INFO  16332 --- [    main] DiscoveryClient                          : Disable delta property : false
20-01-20 Mon 00:01:04.830 INFO  16332 --- [    main] DiscoveryClient                          : Single vip registry refresh property : null
20-01-20 Mon 00:01:04.830 INFO  16332 --- [    main] DiscoveryClient                          : Force full registry fetch : false
20-01-20 Mon 00:01:04.830 INFO  16332 --- [    main] DiscoveryClient                          : Application is null : false
20-01-20 Mon 00:01:04.831 INFO  16332 --- [    main] DiscoveryClient                          : Registered Applications size is zero : true
20-01-20 Mon 00:01:04.831 INFO  16332 --- [    main] DiscoveryClient                          : Application version is -1: true
20-01-20 Mon 00:01:04.831 INFO  16332 --- [    main] DiscoveryClient                          : Getting all instance registry info from the eureka server
20-01-20 Mon 00:01:07.197 INFO  16332 --- [    main] DiscoveryClient                          : The response status is 200
20-01-20 Mon 00:01:07.201 INFO  16332 --- [    main] DiscoveryClient                          : Starting heartbeat executor: renew interval is: 30
20-01-20 Mon 00:01:07.204 INFO  16332 --- [    main] InstanceInfoReplicator                   : InstanceInfoReplicator onDemand update allowed rate per min is 4
20-01-20 Mon 00:01:07.220 INFO  16332 --- [    main] DiscoveryClient                          : Discovery Client initialized at timestamp 1579474867213 with initial instances count: 0
20-01-20 Mon 00:01:07.235 INFO  16332 --- [    main] EurekaServiceRegistry                    : Registering application ZUUL-GATEWAY with eureka with status UP
20-01-20 Mon 00:01:07.236 INFO  16332 --- [    main] DiscoveryClient                          : Saw local status change event StatusChangeEvent [timestamp=1579474867236, current=UP, previous=STARTING]
20-01-20 Mon 00:01:07.240 INFO  16332 --- [nfoReplicator-0] DiscoveryClient                          : DiscoveryClient_ZUUL-GATEWAY/localhost:zuul-gateway:8443: registering service...
20-01-20 Mon 00:01:07.487 INFO  16332 --- [nfoReplicator-0] DiscoveryClient                          : DiscoveryClient_ZUUL-GATEWAY/localhost:zuul-gateway:8443 - registration status: 204
20-01-20 Mon 00:01:08.678 INFO  16332 --- [    main] TomcatWebServer                          : Tomcat started on port(s): 8443 (https) 8900 (http) with context path ''
20-01-20 Mon 00:01:08.679 INFO  16332 --- [    main] EurekaAutoServiceRegistration            : Updating port to 8443
20-01-20 Mon 00:01:08.686 INFO  16332 --- [    main] ZuulGatewayApplication                   : Started ZuulGatewayApplication in 32.932 seconds (JVM running for 37.849)
20-01-20 Mon 00:01:37.209 INFO  16332 --- [freshExecutor-0] DiscoveryClient                          : Disable delta property : false
20-01-20 Mon 00:01:37.210 INFO  16332 --- [freshExecutor-0] DiscoveryClient                          : Single vip registry refresh property : null
20-01-20 Mon 00:01:37.211 INFO  16332 --- [freshExecutor-0] DiscoveryClient                          : Force full registry fetch : false
20-01-20 Mon 00:01:37.211 INFO  16332 --- [freshExecutor-0] DiscoveryClient                          : Application is null : false
20-01-20 Mon 00:01:37.211 INFO  16332 --- [freshExecutor-0] DiscoveryClient                          : Registered Applications size is zero : true
20-01-20 Mon 00:01:37.211 INFO  16332 --- [freshExecutor-0] DiscoveryClient                          : Application version is -1: false
20-01-20 Mon 00:01:37.211 INFO  16332 --- [freshExecutor-0] DiscoveryClient                          : Getting all instance registry info from the eureka server
20-01-20 Mon 00:01:37.398 INFO  16332 --- [freshExecutor-0] DiscoveryClient                          : The response status is 200
20-01-20 Mon 00:04:07.837 INFO  16332 --- [nio-8443-exec-1] [/]                                      : Initializing Spring DispatcherServlet 'dispatcherServlet'
20-01-20 Mon 00:04:07.839 INFO  16332 --- [nio-8443-exec-1] DispatcherServlet                        : Initializing Servlet 'dispatcherServlet'
20-01-20 Mon 00:04:07.894 INFO  16332 --- [nio-8443-exec-1] DispatcherServlet                        : Completed initialization in 55 ms
20-01-20 Mon 00:04:08.424 INFO  16332 --- [nio-8443-exec-2] ChainedDynamicProperty                   : Flipping property: login-service.ribbon.ActiveConnectionsLimit to use NEXT property: niws.loadbalancer.availabilityFilteringRule.activeConnectionsLimit = 2147483647
20-01-20 Mon 00:04:08.463 INFO  16332 --- [nio-8443-exec-2] ShutdownEnabledTimer                     : Shutdown hook installed for: NFLoadBalancer-PingTimer-login-service
20-01-20 Mon 00:04:08.464 INFO  16332 --- [nio-8443-exec-2] BaseLoadBalancer                         : Client: login-service instantiated a LoadBalancer: DynamicServerListLoadBalancer:{NFLoadBalancer:name=login-service,current list of Servers=[],Load balancer stats=Zone stats: {},Server stats: []}ServerList:null
20-01-20 Mon 00:04:08.472 INFO  16332 --- [nio-8443-exec-2] DynamicServerListLoadBalancer            : Using serverListUpdater PollingServerListUpdater
20-01-20 Mon 00:04:08.503 INFO  16332 --- [nio-8443-exec-2] ChainedDynamicProperty                   : Flipping property: login-service.ribbon.ActiveConnectionsLimit to use NEXT property: niws.loadbalancer.availabilityFilteringRule.activeConnectionsLimit = 2147483647
20-01-20 Mon 00:04:08.506 INFO  16332 --- [nio-8443-exec-2] DynamicServerListLoadBalancer            : DynamicServerListLoadBalancer for client login-service initialized: DynamicServerListLoadBalancer:{NFLoadBalancer:name=login-service,current list of Servers=[localhost:8450],Load balancer stats=Zone stats: {defaultzone=[Zone:defaultzone;	Instance count:1;	Active connections count: 0;	Circuit breaker tripped count: 0;	Active connections per server: 0.0;]
},Server stats: [[Server:localhost:8450;	Zone:defaultZone;	Total Requests:0;	Successive connection failure:0;	Total blackout seconds:0;	Last connection made:Thu Jan 01 01:00:00 CET 1970;	First connection made: Thu Jan 01 01:00:00 CET 1970;	Active Connections:0;	total failure count in last (1000) msecs:0;	average resp time:0.0;	90 percentile resp time:0.0;	95 percentile resp time:0.0;	min resp time:0.0;	max resp time:0.0;	stddev resp time:0.0]
]}ServerList:org.springframework.cloud.netflix.ribbon.eureka.DomainExtractingServerList@68e5d46e
20-01-20 Mon 00:04:09.487 INFO  16332 --- [erListUpdater-0] ChainedDynamicProperty                   : Flipping property: login-service.ribbon.ActiveConnectionsLimit to use NEXT property: niws.loadbalancer.availabilityFilteringRule.activeConnectionsLimit = 2147483647
20-01-20 Mon 00:04:13.120 INFO  16332 --- [nio-8443-exec-9] ChainedDynamicProperty                   : Flipping property: main-backend.ribbon.ActiveConnectionsLimit to use NEXT property: niws.loadbalancer.availabilityFilteringRule.activeConnectionsLimit = 2147483647
20-01-20 Mon 00:04:13.129 INFO  16332 --- [nio-8443-exec-9] ShutdownEnabledTimer                     : Shutdown hook installed for: NFLoadBalancer-PingTimer-main-backend
20-01-20 Mon 00:04:13.130 INFO  16332 --- [nio-8443-exec-9] BaseLoadBalancer                         : Client: main-backend instantiated a LoadBalancer: DynamicServerListLoadBalancer:{NFLoadBalancer:name=main-backend,current list of Servers=[],Load balancer stats=Zone stats: {},Server stats: []}ServerList:null
20-01-20 Mon 00:04:13.142 INFO  16332 --- [nio-8443-exec-9] DynamicServerListLoadBalancer            : Using serverListUpdater PollingServerListUpdater
20-01-20 Mon 00:04:13.148 INFO  16332 --- [nio-8443-exec-9] ChainedDynamicProperty                   : Flipping property: main-backend.ribbon.ActiveConnectionsLimit to use NEXT property: niws.loadbalancer.availabilityFilteringRule.activeConnectionsLimit = 2147483647
20-01-20 Mon 00:04:13.149 INFO  16332 --- [nio-8443-exec-9] DynamicServerListLoadBalancer            : DynamicServerListLoadBalancer for client main-backend initialized: DynamicServerListLoadBalancer:{NFLoadBalancer:name=main-backend,current list of Servers=[localhost:8445],Load balancer stats=Zone stats: {defaultzone=[Zone:defaultzone;	Instance count:1;	Active connections count: 0;	Circuit breaker tripped count: 0;	Active connections per server: 0.0;]
},Server stats: [[Server:localhost:8445;	Zone:defaultZone;	Total Requests:0;	Successive connection failure:0;	Total blackout seconds:0;	Last connection made:Thu Jan 01 01:00:00 CET 1970;	First connection made: Thu Jan 01 01:00:00 CET 1970;	Active Connections:0;	total failure count in last (1000) msecs:0;	average resp time:0.0;	90 percentile resp time:0.0;	95 percentile resp time:0.0;	min resp time:0.0;	max resp time:0.0;	stddev resp time:0.0]
]}ServerList:org.springframework.cloud.netflix.ribbon.eureka.DomainExtractingServerList@5c0f9388
20-01-20 Mon 00:04:14.160 INFO  16332 --- [erListUpdater-0] ChainedDynamicProperty                   : Flipping property: main-backend.ribbon.ActiveConnectionsLimit to use NEXT property: niws.loadbalancer.availabilityFilteringRule.activeConnectionsLimit = 2147483647
20-01-20 Mon 00:04:14.647 WARN  16332 --- [nio-8443-exec-1] SendResponseFilter                       : Error while sending response to client: java.io.IOException: An established connection was aborted by the software in your host machine
20-01-20 Mon 00:04:14.668 WARN  16332 --- [nio-8443-exec-1] SendErrorFilter                          : Error during filtering
com.netflix.zuul.exception.ZuulException: Filter threw Exception
	at com.netflix.zuul.FilterProcessor.processZuulFilter(FilterProcessor.java:227) ~[zuul-core-1.3.1.jar:1.3.1]
	at com.netflix.zuul.FilterProcessor.runFilters(FilterProcessor.java:157) ~[zuul-core-1.3.1.jar:1.3.1]
	at com.netflix.zuul.FilterProcessor.postRoute(FilterProcessor.java:92) ~[zuul-core-1.3.1.jar:1.3.1]
	at com.netflix.zuul.ZuulRunner.postRoute(ZuulRunner.java:87) ~[zuul-core-1.3.1.jar:1.3.1]
	at com.netflix.zuul.http.ZuulServlet.postRoute(ZuulServlet.java:107) ~[zuul-core-1.3.1.jar:1.3.1]
	at com.netflix.zuul.http.ZuulServlet.service(ZuulServlet.java:88) ~[zuul-core-1.3.1.jar:1.3.1]
	at org.springframework.web.servlet.mvc.ServletWrappingController.handleRequestInternal(ServletWrappingController.java:165) ~[spring-webmvc-5.1.6.RELEASE.jar:5.1.6.RELEASE]
	at org.springframework.cloud.netflix.zuul.web.ZuulController.handleRequest(ZuulController.java:45) ~[spring-cloud-netflix-zuul-2.1.1.RELEASE.jar:2.1.1.RELEASE]
	at org.springframework.web.servlet.mvc.SimpleControllerHandlerAdapter.handle(SimpleControllerHandlerAdapter.java:52) ~[spring-webmvc-5.1.6.RELEASE.jar:5.1.6.RELEASE]
	at org.springframework.web.servlet.DispatcherServlet.doDispatch(DispatcherServlet.java:1038) ~[spring-webmvc-5.1.6.RELEASE.jar:5.1.6.RELEASE]
	at org.springframework.web.servlet.DispatcherServlet.doService(DispatcherServlet.java:942) ~[spring-webmvc-5.1.6.RELEASE.jar:5.1.6.RELEASE]
	at org.springframework.web.servlet.FrameworkServlet.processRequest(FrameworkServlet.java:1005) ~[spring-webmvc-5.1.6.RELEASE.jar:5.1.6.RELEASE]
	at org.springframework.web.servlet.FrameworkServlet.doGet(FrameworkServlet.java:897) ~[spring-webmvc-5.1.6.RELEASE.jar:5.1.6.RELEASE]
	at javax.servlet.http.HttpServlet.service(HttpServlet.java:634) ~[tomcat-embed-core-9.0.17.jar:9.0.17]
	at org.springframework.web.servlet.FrameworkServlet.service(FrameworkServlet.java:882) ~[spring-webmvc-5.1.6.RELEASE.jar:5.1.6.RELEASE]
	at javax.servlet.http.HttpServlet.service(HttpServlet.java:741) ~[tomcat-embed-core-9.0.17.jar:9.0.17]
	at org.apache.catalina.core.ApplicationFilterChain.internalDoFilter(ApplicationFilterChain.java:231) ~[tomcat-embed-core-9.0.17.jar:9.0.17]
	at org.apache.catalina.core.ApplicationFilterChain.doFilter(ApplicationFilterChain.java:166) ~[tomcat-embed-core-9.0.17.jar:9.0.17]
	at org.apache.tomcat.websocket.server.WsFilter.doFilter(WsFilter.java:53) ~[tomcat-embed-websocket-9.0.17.jar:9.0.17]
	at org.apache.catalina.core.ApplicationFilterChain.internalDoFilter(ApplicationFilterChain.java:193) ~[tomcat-embed-core-9.0.17.jar:9.0.17]
	at org.apache.catalina.core.ApplicationFilterChain.doFilter(ApplicationFilterChain.java:166) ~[tomcat-embed-core-9.0.17.jar:9.0.17]
	at org.springframework.web.filter.CorsFilter.doFilterInternal(CorsFilter.java:96) ~[spring-web-5.1.6.RELEASE.jar:5.1.6.RELEASE]
	at org.springframework.web.filter.OncePerRequestFilter.doFilter(OncePerRequestFilter.java:107) ~[spring-web-5.1.6.RELEASE.jar:5.1.6.RELEASE]
	at org.apache.catalina.core.ApplicationFilterChain.internalDoFilter(ApplicationFilterChain.java:193) ~[tomcat-embed-core-9.0.17.jar:9.0.17]
	at org.apache.catalina.core.ApplicationFilterChain.doFilter(ApplicationFilterChain.java:166) ~[tomcat-embed-core-9.0.17.jar:9.0.17]
	at org.springframework.boot.actuate.web.trace.servlet.HttpTraceFilter.doFilterInternal(HttpTraceFilter.java:90) ~[spring-boot-actuator-2.1.4.RELEASE.jar:2.1.4.RELEASE]
	at org.springframework.web.filter.OncePerRequestFilter.doFilter(OncePerRequestFilter.java:107) ~[spring-web-5.1.6.RELEASE.jar:5.1.6.RELEASE]
	at org.apache.catalina.core.ApplicationFilterChain.internalDoFilter(ApplicationFilterChain.java:193) ~[tomcat-embed-core-9.0.17.jar:9.0.17]
	at org.apache.catalina.core.ApplicationFilterChain.doFilter(ApplicationFilterChain.java:166) ~[tomcat-embed-core-9.0.17.jar:9.0.17]
	at org.springframework.security.web.FilterChainProxy.doFilterInternal(FilterChainProxy.java:209) ~[spring-security-web-5.1.5.RELEASE.jar:5.1.5.RELEASE]
	at org.springframework.security.web.FilterChainProxy.doFilter(FilterChainProxy.java:178) ~[spring-security-web-5.1.5.RELEASE.jar:5.1.5.RELEASE]
	at org.springframework.web.filter.DelegatingFilterProxy.invokeDelegate(DelegatingFilterProxy.java:357) ~[spring-web-5.1.6.RELEASE.jar:5.1.6.RELEASE]
	at org.springframework.web.filter.DelegatingFilterProxy.doFilter(DelegatingFilterProxy.java:270) ~[spring-web-5.1.6.RELEASE.jar:5.1.6.RELEASE]
	at org.apache.catalina.core.ApplicationFilterChain.internalDoFilter(ApplicationFilterChain.java:193) ~[tomcat-embed-core-9.0.17.jar:9.0.17]
	at org.apache.catalina.core.ApplicationFilterChain.doFilter(ApplicationFilterChain.java:166) ~[tomcat-embed-core-9.0.17.jar:9.0.17]
	at org.springframework.web.filter.RequestContextFilter.doFilterInternal(RequestContextFilter.java:99) ~[spring-web-5.1.6.RELEASE.jar:5.1.6.RELEASE]
	at org.springframework.web.filter.OncePerRequestFilter.doFilter(OncePerRequestFilter.java:107) ~[spring-web-5.1.6.RELEASE.jar:5.1.6.RELEASE]
	at org.apache.catalina.core.ApplicationFilterChain.internalDoFilter(ApplicationFilterChain.java:193) ~[tomcat-embed-core-9.0.17.jar:9.0.17]
	at org.apache.catalina.core.ApplicationFilterChain.doFilter(ApplicationFilterChain.java:166) ~[tomcat-embed-core-9.0.17.jar:9.0.17]
	at org.springframework.web.filter.FormContentFilter.doFilterInternal(FormContentFilter.java:92) ~[spring-web-5.1.6.RELEASE.jar:5.1.6.RELEASE]
	at org.springframework.web.filter.OncePerRequestFilter.doFilter(OncePerRequestFilter.java:107) ~[spring-web-5.1.6.RELEASE.jar:5.1.6.RELEASE]
	at org.apache.catalina.core.ApplicationFilterChain.internalDoFilter(ApplicationFilterChain.java:193) ~[tomcat-embed-core-9.0.17.jar:9.0.17]
	at org.apache.catalina.core.ApplicationFilterChain.doFilter(ApplicationFilterChain.java:166) ~[tomcat-embed-core-9.0.17.jar:9.0.17]
	at org.springframework.web.filter.HiddenHttpMethodFilter.doFilterInternal(HiddenHttpMethodFilter.java:93) ~[spring-web-5.1.6.RELEASE.jar:5.1.6.RELEASE]
	at org.springframework.web.filter.OncePerRequestFilter.doFilter(OncePerRequestFilter.java:107) ~[spring-web-5.1.6.RELEASE.jar:5.1.6.RELEASE]
	at org.apache.catalina.core.ApplicationFilterChain.internalDoFilter(ApplicationFilterChain.java:193) ~[tomcat-embed-core-9.0.17.jar:9.0.17]
	at org.apache.catalina.core.ApplicationFilterChain.doFilter(ApplicationFilterChain.java:166) ~[tomcat-embed-core-9.0.17.jar:9.0.17]
	at org.springframework.boot.actuate.metrics.web.servlet.WebMvcMetricsFilter.filterAndRecordMetrics(WebMvcMetricsFilter.java:117) ~[spring-boot-actuator-2.1.4.RELEASE.jar:2.1.4.RELEASE]
	at org.springframework.boot.actuate.metrics.web.servlet.WebMvcMetricsFilter.doFilterInternal(WebMvcMetricsFilter.java:106) ~[spring-boot-actuator-2.1.4.RELEASE.jar:2.1.4.RELEASE]
	at org.springframework.web.filter.OncePerRequestFilter.doFilter(OncePerRequestFilter.java:107) ~[spring-web-5.1.6.RELEASE.jar:5.1.6.RELEASE]
	at org.apache.catalina.core.ApplicationFilterChain.internalDoFilter(ApplicationFilterChain.java:193) ~[tomcat-embed-core-9.0.17.jar:9.0.17]
	at org.apache.catalina.core.ApplicationFilterChain.doFilter(ApplicationFilterChain.java:166) ~[tomcat-embed-core-9.0.17.jar:9.0.17]
	at org.springframework.web.filter.CharacterEncodingFilter.doFilterInternal(CharacterEncodingFilter.java:200) ~[spring-web-5.1.6.RELEASE.jar:5.1.6.RELEASE]
	at org.springframework.web.filter.OncePerRequestFilter.doFilter(OncePerRequestFilter.java:107) ~[spring-web-5.1.6.RELEASE.jar:5.1.6.RELEASE]
	at org.apache.catalina.core.ApplicationFilterChain.internalDoFilter(ApplicationFilterChain.java:193) ~[tomcat-embed-core-9.0.17.jar:9.0.17]
	at org.apache.catalina.core.ApplicationFilterChain.doFilter(ApplicationFilterChain.java:166) ~[tomcat-embed-core-9.0.17.jar:9.0.17]
	at org.apache.catalina.core.StandardWrapperValve.invoke(StandardWrapperValve.java:200) ~[tomcat-embed-core-9.0.17.jar:9.0.17]
	at org.apache.catalina.core.StandardContextValve.invoke(StandardContextValve.java:96) ~[tomcat-embed-core-9.0.17.jar:9.0.17]
	at org.apache.catalina.authenticator.AuthenticatorBase.invoke(AuthenticatorBase.java:607) ~[tomcat-embed-core-9.0.17.jar:9.0.17]
	at org.apache.catalina.core.StandardHostValve.invoke(StandardHostValve.java:139) ~[tomcat-embed-core-9.0.17.jar:9.0.17]
	at org.apache.catalina.valves.ErrorReportValve.invoke(ErrorReportValve.java:92) ~[tomcat-embed-core-9.0.17.jar:9.0.17]
	at org.apache.catalina.core.StandardEngineValve.invoke(StandardEngineValve.java:74) ~[tomcat-embed-core-9.0.17.jar:9.0.17]
	at org.apache.catalina.connector.CoyoteAdapter.service(CoyoteAdapter.java:343) ~[tomcat-embed-core-9.0.17.jar:9.0.17]
	at org.apache.coyote.http11.Http11Processor.service(Http11Processor.java:408) ~[tomcat-embed-core-9.0.17.jar:9.0.17]
	at org.apache.coyote.AbstractProcessorLight.process(AbstractProcessorLight.java:66) ~[tomcat-embed-core-9.0.17.jar:9.0.17]
	at org.apache.coyote.AbstractProtocol$ConnectionHandler.process(AbstractProtocol.java:834) ~[tomcat-embed-core-9.0.17.jar:9.0.17]
	at org.apache.tomcat.util.net.NioEndpoint$SocketProcessor.doRun(NioEndpoint.java:1415) ~[tomcat-embed-core-9.0.17.jar:9.0.17]
	at org.apache.tomcat.util.net.SocketProcessorBase.run(SocketProcessorBase.java:49) ~[tomcat-embed-core-9.0.17.jar:9.0.17]
	at java.base/java.util.concurrent.ThreadPoolExecutor.runWorker(ThreadPoolExecutor.java:1128) ~[na:na]
	at java.base/java.util.concurrent.ThreadPoolExecutor$Worker.run(ThreadPoolExecutor.java:628) ~[na:na]
	at org.apache.tomcat.util.threads.TaskThread$WrappingRunnable.run(TaskThread.java:61) ~[tomcat-embed-core-9.0.17.jar:9.0.17]
	at java.base/java.lang.Thread.run(Thread.java:835) ~[na:na]
Caused by: java.lang.reflect.UndeclaredThrowableException: null
	at org.springframework.util.ReflectionUtils.rethrowRuntimeException(ReflectionUtils.java:152) ~[spring-core-5.1.6.RELEASE.jar:5.1.6.RELEASE]
	at org.springframework.cloud.netflix.zuul.filters.post.SendResponseFilter.run(SendResponseFilter.java:115) ~[spring-cloud-netflix-zuul-2.1.1.RELEASE.jar:2.1.1.RELEASE]
	at com.netflix.zuul.ZuulFilter.runFilter(ZuulFilter.java:117) ~[zuul-core-1.3.1.jar:1.3.1]
	at com.netflix.zuul.FilterProcessor.processZuulFilter(FilterProcessor.java:193) ~[zuul-core-1.3.1.jar:1.3.1]
	... 71 common frames omitted
Caused by: org.apache.catalina.connector.ClientAbortException: java.io.IOException: An established connection was aborted by the software in your host machine
	at org.apache.catalina.connector.OutputBuffer.realWriteBytes(OutputBuffer.java:341) ~[tomcat-embed-core-9.0.17.jar:9.0.17]
	at org.apache.catalina.connector.OutputBuffer.flushByteBuffer(OutputBuffer.java:766) ~[tomcat-embed-core-9.0.17.jar:9.0.17]
	at org.apache.catalina.connector.OutputBuffer.append(OutputBuffer.java:671) ~[tomcat-embed-core-9.0.17.jar:9.0.17]
	at org.apache.catalina.connector.OutputBuffer.writeBytes(OutputBuffer.java:376) ~[tomcat-embed-core-9.0.17.jar:9.0.17]
	at org.apache.catalina.connector.OutputBuffer.write(OutputBuffer.java:354) ~[tomcat-embed-core-9.0.17.jar:9.0.17]
	at org.apache.catalina.connector.CoyoteOutputStream.write(CoyoteOutputStream.java:96) ~[tomcat-embed-core-9.0.17.jar:9.0.17]
	at org.springframework.cloud.netflix.zuul.filters.post.SendResponseFilter.writeResponse(SendResponseFilter.java:237) ~[spring-cloud-netflix-zuul-2.1.1.RELEASE.jar:2.1.1.RELEASE]
	at org.springframework.cloud.netflix.zuul.filters.post.SendResponseFilter.writeResponse(SendResponseFilter.java:156) ~[spring-cloud-netflix-zuul-2.1.1.RELEASE.jar:2.1.1.RELEASE]
	at org.springframework.cloud.netflix.zuul.filters.post.SendResponseFilter.run(SendResponseFilter.java:112) ~[spring-cloud-netflix-zuul-2.1.1.RELEASE.jar:2.1.1.RELEASE]
	... 73 common frames omitted
Caused by: java.io.IOException: An established connection was aborted by the software in your host machine
	at java.base/sun.nio.ch.SocketDispatcher.write0(Native Method) ~[na:na]
	at java.base/sun.nio.ch.SocketDispatcher.write(SocketDispatcher.java:51) ~[na:na]
	at java.base/sun.nio.ch.IOUtil.writeFromNativeBuffer(IOUtil.java:113) ~[na:na]
	at java.base/sun.nio.ch.IOUtil.write(IOUtil.java:79) ~[na:na]
	at java.base/sun.nio.ch.IOUtil.write(IOUtil.java:50) ~[na:na]
	at java.base/sun.nio.ch.SocketChannelImpl.write(SocketChannelImpl.java:466) ~[na:na]
	at org.apache.tomcat.util.net.SecureNioChannel.flush(SecureNioChannel.java:144) ~[tomcat-embed-core-9.0.17.jar:9.0.17]
	at org.apache.tomcat.util.net.SecureNioChannel.write(SecureNioChannel.java:674) ~[tomcat-embed-core-9.0.17.jar:9.0.17]
	at org.apache.tomcat.util.net.NioBlockingSelector.write(NioBlockingSelector.java:105) ~[tomcat-embed-core-9.0.17.jar:9.0.17]
	at org.apache.tomcat.util.net.NioSelectorPool.write(NioSelectorPool.java:144) ~[tomcat-embed-core-9.0.17.jar:9.0.17]
	at org.apache.tomcat.util.net.NioEndpoint$NioSocketWrapper.doWrite(NioEndpoint.java:1223) ~[tomcat-embed-core-9.0.17.jar:9.0.17]
	at org.apache.tomcat.util.net.SocketWrapperBase.doWrite(SocketWrapperBase.java:748) ~[tomcat-embed-core-9.0.17.jar:9.0.17]
	at org.apache.tomcat.util.net.SocketWrapperBase.writeBlocking(SocketWrapperBase.java:518) ~[tomcat-embed-core-9.0.17.jar:9.0.17]
	at org.apache.tomcat.util.net.SocketWrapperBase.write(SocketWrapperBase.java:456) ~[tomcat-embed-core-9.0.17.jar:9.0.17]
	at org.apache.coyote.http11.Http11OutputBuffer$SocketOutputBuffer.doWrite(Http11OutputBuffer.java:530) ~[tomcat-embed-core-9.0.17.jar:9.0.17]
	at org.apache.coyote.http11.filters.ChunkedOutputFilter.doWrite(ChunkedOutputFilter.java:112) ~[tomcat-embed-core-9.0.17.jar:9.0.17]
	at org.apache.coyote.http11.Http11OutputBuffer.doWrite(Http11OutputBuffer.java:189) ~[tomcat-embed-core-9.0.17.jar:9.0.17]
	at org.apache.coyote.Response.doWrite(Response.java:599) ~[tomcat-embed-core-9.0.17.jar:9.0.17]
	at org.apache.catalina.connector.OutputBuffer.realWriteBytes(OutputBuffer.java:329) ~[tomcat-embed-core-9.0.17.jar:9.0.17]
	... 81 common frames omitted
20-01-20 Mon 00:04:27.863 INFO  16332 --- [nio-8443-exec-8] ChainedDynamicProperty                   : Flipping property: agent-creation-service.ribbon.ActiveConnectionsLimit to use NEXT property: niws.loadbalancer.availabilityFilteringRule.activeConnectionsLimit = 2147483647
20-01-20 Mon 00:04:27.865 INFO  16332 --- [nio-8443-exec-8] ShutdownEnabledTimer                     : Shutdown hook installed for: NFLoadBalancer-PingTimer-agent-creation-service
20-01-20 Mon 00:04:27.866 INFO  16332 --- [nio-8443-exec-8] BaseLoadBalancer                         : Client: agent-creation-service instantiated a LoadBalancer: DynamicServerListLoadBalancer:{NFLoadBalancer:name=agent-creation-service,current list of Servers=[],Load balancer stats=Zone stats: {},Server stats: []}ServerList:null
20-01-20 Mon 00:04:27.867 INFO  16332 --- [nio-8443-exec-8] DynamicServerListLoadBalancer            : Using serverListUpdater PollingServerListUpdater
20-01-20 Mon 00:04:27.868 INFO  16332 --- [nio-8443-exec-8] DynamicServerListLoadBalancer            : DynamicServerListLoadBalancer for client agent-creation-service initialized: DynamicServerListLoadBalancer:{NFLoadBalancer:name=agent-creation-service,current list of Servers=[],Load balancer stats=Zone stats: {},Server stats: []}ServerList:org.springframework.cloud.netflix.ribbon.eureka.DomainExtractingServerList@f29e0dc
20-01-20 Mon 00:04:27.904 WARN  16332 --- [nio-8443-exec-8] SendErrorFilter                          : Error during filtering
com.netflix.zuul.exception.ZuulException: Forwarding error
	at org.springframework.cloud.netflix.zuul.filters.route.RibbonRoutingFilter.handleException(RibbonRoutingFilter.java:198) ~[spring-cloud-netflix-zuul-2.1.1.RELEASE.jar:2.1.1.RELEASE]
	at org.springframework.cloud.netflix.zuul.filters.route.RibbonRoutingFilter.forward(RibbonRoutingFilter.java:173) ~[spring-cloud-netflix-zuul-2.1.1.RELEASE.jar:2.1.1.RELEASE]
	at org.springframework.cloud.netflix.zuul.filters.route.RibbonRoutingFilter.run(RibbonRoutingFilter.java:119) ~[spring-cloud-netflix-zuul-2.1.1.RELEASE.jar:2.1.1.RELEASE]
	at com.netflix.zuul.ZuulFilter.runFilter(ZuulFilter.java:117) ~[zuul-core-1.3.1.jar:1.3.1]
	at com.netflix.zuul.FilterProcessor.processZuulFilter(FilterProcessor.java:193) ~[zuul-core-1.3.1.jar:1.3.1]
	at com.netflix.zuul.FilterProcessor.runFilters(FilterProcessor.java:157) ~[zuul-core-1.3.1.jar:1.3.1]
	at com.netflix.zuul.FilterProcessor.route(FilterProcessor.java:118) ~[zuul-core-1.3.1.jar:1.3.1]
	at com.netflix.zuul.ZuulRunner.route(ZuulRunner.java:96) ~[zuul-core-1.3.1.jar:1.3.1]
	at com.netflix.zuul.http.ZuulServlet.route(ZuulServlet.java:116) ~[zuul-core-1.3.1.jar:1.3.1]
	at com.netflix.zuul.http.ZuulServlet.service(ZuulServlet.java:81) ~[zuul-core-1.3.1.jar:1.3.1]
	at org.springframework.web.servlet.mvc.ServletWrappingController.handleRequestInternal(ServletWrappingController.java:165) ~[spring-webmvc-5.1.6.RELEASE.jar:5.1.6.RELEASE]
	at org.springframework.cloud.netflix.zuul.web.ZuulController.handleRequest(ZuulController.java:45) ~[spring-cloud-netflix-zuul-2.1.1.RELEASE.jar:2.1.1.RELEASE]
	at org.springframework.web.servlet.mvc.SimpleControllerHandlerAdapter.handle(SimpleControllerHandlerAdapter.java:52) ~[spring-webmvc-5.1.6.RELEASE.jar:5.1.6.RELEASE]
	at org.springframework.web.servlet.DispatcherServlet.doDispatch(DispatcherServlet.java:1038) ~[spring-webmvc-5.1.6.RELEASE.jar:5.1.6.RELEASE]
	at org.springframework.web.servlet.DispatcherServlet.doService(DispatcherServlet.java:942) ~[spring-webmvc-5.1.6.RELEASE.jar:5.1.6.RELEASE]
	at org.springframework.web.servlet.FrameworkServlet.processRequest(FrameworkServlet.java:1005) ~[spring-webmvc-5.1.6.RELEASE.jar:5.1.6.RELEASE]
	at org.springframework.web.servlet.FrameworkServlet.doPost(FrameworkServlet.java:908) ~[spring-webmvc-5.1.6.RELEASE.jar:5.1.6.RELEASE]
	at javax.servlet.http.HttpServlet.service(HttpServlet.java:660) ~[tomcat-embed-core-9.0.17.jar:9.0.17]
	at org.springframework.web.servlet.FrameworkServlet.service(FrameworkServlet.java:882) ~[spring-webmvc-5.1.6.RELEASE.jar:5.1.6.RELEASE]
	at javax.servlet.http.HttpServlet.service(HttpServlet.java:741) ~[tomcat-embed-core-9.0.17.jar:9.0.17]
	at org.apache.catalina.core.ApplicationFilterChain.internalDoFilter(ApplicationFilterChain.java:231) ~[tomcat-embed-core-9.0.17.jar:9.0.17]
	at org.apache.catalina.core.ApplicationFilterChain.doFilter(ApplicationFilterChain.java:166) ~[tomcat-embed-core-9.0.17.jar:9.0.17]
	at org.apache.tomcat.websocket.server.WsFilter.doFilter(WsFilter.java:53) ~[tomcat-embed-websocket-9.0.17.jar:9.0.17]
	at org.apache.catalina.core.ApplicationFilterChain.internalDoFilter(ApplicationFilterChain.java:193) ~[tomcat-embed-core-9.0.17.jar:9.0.17]
	at org.apache.catalina.core.ApplicationFilterChain.doFilter(ApplicationFilterChain.java:166) ~[tomcat-embed-core-9.0.17.jar:9.0.17]
	at org.springframework.web.filter.CorsFilter.doFilterInternal(CorsFilter.java:96) ~[spring-web-5.1.6.RELEASE.jar:5.1.6.RELEASE]
	at org.springframework.web.filter.OncePerRequestFilter.doFilter(OncePerRequestFilter.java:107) ~[spring-web-5.1.6.RELEASE.jar:5.1.6.RELEASE]
	at org.apache.catalina.core.ApplicationFilterChain.internalDoFilter(ApplicationFilterChain.java:193) ~[tomcat-embed-core-9.0.17.jar:9.0.17]
	at org.apache.catalina.core.ApplicationFilterChain.doFilter(ApplicationFilterChain.java:166) ~[tomcat-embed-core-9.0.17.jar:9.0.17]
	at org.springframework.boot.actuate.web.trace.servlet.HttpTraceFilter.doFilterInternal(HttpTraceFilter.java:90) ~[spring-boot-actuator-2.1.4.RELEASE.jar:2.1.4.RELEASE]
	at org.springframework.web.filter.OncePerRequestFilter.doFilter(OncePerRequestFilter.java:107) ~[spring-web-5.1.6.RELEASE.jar:5.1.6.RELEASE]
	at org.apache.catalina.core.ApplicationFilterChain.internalDoFilter(ApplicationFilterChain.java:193) ~[tomcat-embed-core-9.0.17.jar:9.0.17]
	at org.apache.catalina.core.ApplicationFilterChain.doFilter(ApplicationFilterChain.java:166) ~[tomcat-embed-core-9.0.17.jar:9.0.17]
	at org.springframework.security.web.FilterChainProxy.doFilterInternal(FilterChainProxy.java:209) ~[spring-security-web-5.1.5.RELEASE.jar:5.1.5.RELEASE]
	at org.springframework.security.web.FilterChainProxy.doFilter(FilterChainProxy.java:178) ~[spring-security-web-5.1.5.RELEASE.jar:5.1.5.RELEASE]
	at org.springframework.web.filter.DelegatingFilterProxy.invokeDelegate(DelegatingFilterProxy.java:357) ~[spring-web-5.1.6.RELEASE.jar:5.1.6.RELEASE]
	at org.springframework.web.filter.DelegatingFilterProxy.doFilter(DelegatingFilterProxy.java:270) ~[spring-web-5.1.6.RELEASE.jar:5.1.6.RELEASE]
	at org.apache.catalina.core.ApplicationFilterChain.internalDoFilter(ApplicationFilterChain.java:193) ~[tomcat-embed-core-9.0.17.jar:9.0.17]
	at org.apache.catalina.core.ApplicationFilterChain.doFilter(ApplicationFilterChain.java:166) ~[tomcat-embed-core-9.0.17.jar:9.0.17]
	at org.springframework.web.filter.RequestContextFilter.doFilterInternal(RequestContextFilter.java:99) ~[spring-web-5.1.6.RELEASE.jar:5.1.6.RELEASE]
	at org.springframework.web.filter.OncePerRequestFilter.doFilter(OncePerRequestFilter.java:107) ~[spring-web-5.1.6.RELEASE.jar:5.1.6.RELEASE]
	at org.apache.catalina.core.ApplicationFilterChain.internalDoFilter(ApplicationFilterChain.java:193) ~[tomcat-embed-core-9.0.17.jar:9.0.17]
	at org.apache.catalina.core.ApplicationFilterChain.doFilter(ApplicationFilterChain.java:166) ~[tomcat-embed-core-9.0.17.jar:9.0.17]
	at org.springframework.web.filter.FormContentFilter.doFilterInternal(FormContentFilter.java:92) ~[spring-web-5.1.6.RELEASE.jar:5.1.6.RELEASE]
	at org.springframework.web.filter.OncePerRequestFilter.doFilter(OncePerRequestFilter.java:107) ~[spring-web-5.1.6.RELEASE.jar:5.1.6.RELEASE]
	at org.apache.catalina.core.ApplicationFilterChain.internalDoFilter(ApplicationFilterChain.java:193) ~[tomcat-embed-core-9.0.17.jar:9.0.17]
	at org.apache.catalina.core.ApplicationFilterChain.doFilter(ApplicationFilterChain.java:166) ~[tomcat-embed-core-9.0.17.jar:9.0.17]
	at org.springframework.web.filter.HiddenHttpMethodFilter.doFilterInternal(HiddenHttpMethodFilter.java:93) ~[spring-web-5.1.6.RELEASE.jar:5.1.6.RELEASE]
	at org.springframework.web.filter.OncePerRequestFilter.doFilter(OncePerRequestFilter.java:107) ~[spring-web-5.1.6.RELEASE.jar:5.1.6.RELEASE]
	at org.apache.catalina.core.ApplicationFilterChain.internalDoFilter(ApplicationFilterChain.java:193) ~[tomcat-embed-core-9.0.17.jar:9.0.17]
	at org.apache.catalina.core.ApplicationFilterChain.doFilter(ApplicationFilterChain.java:166) ~[tomcat-embed-core-9.0.17.jar:9.0.17]
	at org.springframework.boot.actuate.metrics.web.servlet.WebMvcMetricsFilter.filterAndRecordMetrics(WebMvcMetricsFilter.java:117) ~[spring-boot-actuator-2.1.4.RELEASE.jar:2.1.4.RELEASE]
	at org.springframework.boot.actuate.metrics.web.servlet.WebMvcMetricsFilter.doFilterInternal(WebMvcMetricsFilter.java:106) ~[spring-boot-actuator-2.1.4.RELEASE.jar:2.1.4.RELEASE]
	at org.springframework.web.filter.OncePerRequestFilter.doFilter(OncePerRequestFilter.java:107) ~[spring-web-5.1.6.RELEASE.jar:5.1.6.RELEASE]
	at org.apache.catalina.core.ApplicationFilterChain.internalDoFilter(ApplicationFilterChain.java:193) ~[tomcat-embed-core-9.0.17.jar:9.0.17]
	at org.apache.catalina.core.ApplicationFilterChain.doFilter(ApplicationFilterChain.java:166) ~[tomcat-embed-core-9.0.17.jar:9.0.17]
	at org.springframework.web.filter.CharacterEncodingFilter.doFilterInternal(CharacterEncodingFilter.java:200) ~[spring-web-5.1.6.RELEASE.jar:5.1.6.RELEASE]
	at org.springframework.web.filter.OncePerRequestFilter.doFilter(OncePerRequestFilter.java:107) ~[spring-web-5.1.6.RELEASE.jar:5.1.6.RELEASE]
	at org.apache.catalina.core.ApplicationFilterChain.internalDoFilter(ApplicationFilterChain.java:193) ~[tomcat-embed-core-9.0.17.jar:9.0.17]
	at org.apache.catalina.core.ApplicationFilterChain.doFilter(ApplicationFilterChain.java:166) ~[tomcat-embed-core-9.0.17.jar:9.0.17]
	at org.apache.catalina.core.StandardWrapperValve.invoke(StandardWrapperValve.java:200) ~[tomcat-embed-core-9.0.17.jar:9.0.17]
	at org.apache.catalina.core.StandardContextValve.invoke(StandardContextValve.java:96) ~[tomcat-embed-core-9.0.17.jar:9.0.17]
	at org.apache.catalina.authenticator.AuthenticatorBase.invoke(AuthenticatorBase.java:607) ~[tomcat-embed-core-9.0.17.jar:9.0.17]
	at org.apache.catalina.core.StandardHostValve.invoke(StandardHostValve.java:139) ~[tomcat-embed-core-9.0.17.jar:9.0.17]
	at org.apache.catalina.valves.ErrorReportValve.invoke(ErrorReportValve.java:92) ~[tomcat-embed-core-9.0.17.jar:9.0.17]
	at org.apache.catalina.core.StandardEngineValve.invoke(StandardEngineValve.java:74) ~[tomcat-embed-core-9.0.17.jar:9.0.17]
	at org.apache.catalina.connector.CoyoteAdapter.service(CoyoteAdapter.java:343) ~[tomcat-embed-core-9.0.17.jar:9.0.17]
	at org.apache.coyote.http11.Http11Processor.service(Http11Processor.java:408) ~[tomcat-embed-core-9.0.17.jar:9.0.17]
	at org.apache.coyote.AbstractProcessorLight.process(AbstractProcessorLight.java:66) ~[tomcat-embed-core-9.0.17.jar:9.0.17]
	at org.apache.coyote.AbstractProtocol$ConnectionHandler.process(AbstractProtocol.java:834) ~[tomcat-embed-core-9.0.17.jar:9.0.17]
	at org.apache.tomcat.util.net.NioEndpoint$SocketProcessor.doRun(NioEndpoint.java:1415) ~[tomcat-embed-core-9.0.17.jar:9.0.17]
	at org.apache.tomcat.util.net.SocketProcessorBase.run(SocketProcessorBase.java:49) ~[tomcat-embed-core-9.0.17.jar:9.0.17]
	at java.base/java.util.concurrent.ThreadPoolExecutor.runWorker(ThreadPoolExecutor.java:1128) ~[na:na]
	at java.base/java.util.concurrent.ThreadPoolExecutor$Worker.run(ThreadPoolExecutor.java:628) ~[na:na]
	at org.apache.tomcat.util.threads.TaskThread$WrappingRunnable.run(TaskThread.java:61) ~[tomcat-embed-core-9.0.17.jar:9.0.17]
	at java.base/java.lang.Thread.run(Thread.java:835) ~[na:na]
Caused by: com.netflix.client.ClientException: Load balancer does not have available server for client: agent-creation-service
	at com.netflix.loadbalancer.LoadBalancerContext.getServerFromLoadBalancer(LoadBalancerContext.java:483) ~[ribbon-loadbalancer-2.3.0.jar:2.3.0]
	at com.netflix.loadbalancer.reactive.LoadBalancerCommand$1.call(LoadBalancerCommand.java:184) ~[ribbon-loadbalancer-2.3.0.jar:2.3.0]
	at com.netflix.loadbalancer.reactive.LoadBalancerCommand$1.call(LoadBalancerCommand.java:180) ~[ribbon-loadbalancer-2.3.0.jar:2.3.0]
	at rx.Observable.unsafeSubscribe(Observable.java:10327) ~[rxjava-1.3.8.jar:1.3.8]
	at rx.internal.operators.OnSubscribeConcatMap.call(OnSubscribeConcatMap.java:94) ~[rxjava-1.3.8.jar:1.3.8]
	at rx.internal.operators.OnSubscribeConcatMap.call(OnSubscribeConcatMap.java:42) ~[rxjava-1.3.8.jar:1.3.8]
	at rx.Observable.unsafeSubscribe(Observable.java:10327) ~[rxjava-1.3.8.jar:1.3.8]
	at rx.internal.operators.OperatorRetryWithPredicate$SourceSubscriber$1.call(OperatorRetryWithPredicate.java:127) ~[rxjava-1.3.8.jar:1.3.8]
	at rx.internal.schedulers.TrampolineScheduler$InnerCurrentThreadScheduler.enqueue(TrampolineScheduler.java:73) ~[rxjava-1.3.8.jar:1.3.8]
	at rx.internal.schedulers.TrampolineScheduler$InnerCurrentThreadScheduler.schedule(TrampolineScheduler.java:52) ~[rxjava-1.3.8.jar:1.3.8]
	at rx.internal.operators.OperatorRetryWithPredicate$SourceSubscriber.onNext(OperatorRetryWithPredicate.java:79) ~[rxjava-1.3.8.jar:1.3.8]
	at rx.internal.operators.OperatorRetryWithPredicate$SourceSubscriber.onNext(OperatorRetryWithPredicate.java:45) ~[rxjava-1.3.8.jar:1.3.8]
	at rx.internal.util.ScalarSynchronousObservable$WeakSingleProducer.request(ScalarSynchronousObservable.java:276) ~[rxjava-1.3.8.jar:1.3.8]
	at rx.Subscriber.setProducer(Subscriber.java:209) ~[rxjava-1.3.8.jar:1.3.8]
	at rx.internal.util.ScalarSynchronousObservable$JustOnSubscribe.call(ScalarSynchronousObservable.java:138) ~[rxjava-1.3.8.jar:1.3.8]
	at rx.internal.util.ScalarSynchronousObservable$JustOnSubscribe.call(ScalarSynchronousObservable.java:129) ~[rxjava-1.3.8.jar:1.3.8]
	at rx.internal.operators.OnSubscribeLift.call(OnSubscribeLift.java:48) ~[rxjava-1.3.8.jar:1.3.8]
	at rx.internal.operators.OnSubscribeLift.call(OnSubscribeLift.java:30) ~[rxjava-1.3.8.jar:1.3.8]
	at rx.internal.operators.OnSubscribeLift.call(OnSubscribeLift.java:48) ~[rxjava-1.3.8.jar:1.3.8]
	at rx.internal.operators.OnSubscribeLift.call(OnSubscribeLift.java:30) ~[rxjava-1.3.8.jar:1.3.8]
	at rx.internal.operators.OnSubscribeLift.call(OnSubscribeLift.java:48) ~[rxjava-1.3.8.jar:1.3.8]
	at rx.internal.operators.OnSubscribeLift.call(OnSubscribeLift.java:30) ~[rxjava-1.3.8.jar:1.3.8]
	at rx.Observable.subscribe(Observable.java:10423) ~[rxjava-1.3.8.jar:1.3.8]
	at rx.Observable.subscribe(Observable.java:10390) ~[rxjava-1.3.8.jar:1.3.8]
	at rx.observables.BlockingObservable.blockForSingle(BlockingObservable.java:443) ~[rxjava-1.3.8.jar:1.3.8]
	at rx.observables.BlockingObservable.single(BlockingObservable.java:340) ~[rxjava-1.3.8.jar:1.3.8]
	at com.netflix.client.AbstractLoadBalancerAwareClient.executeWithLoadBalancer(AbstractLoadBalancerAwareClient.java:112) ~[ribbon-loadbalancer-2.3.0.jar:2.3.0]
	at org.springframework.cloud.netflix.zuul.filters.route.support.AbstractRibbonCommand.run(AbstractRibbonCommand.java:221) ~[spring-cloud-netflix-zuul-2.1.1.RELEASE.jar:2.1.1.RELEASE]
	at org.springframework.cloud.netflix.zuul.filters.route.support.AbstractRibbonCommand.run(AbstractRibbonCommand.java:55) ~[spring-cloud-netflix-zuul-2.1.1.RELEASE.jar:2.1.1.RELEASE]
	at com.netflix.hystrix.HystrixCommand$2.call(HystrixCommand.java:302) ~[hystrix-core-1.5.18.jar:1.5.18]
	at com.netflix.hystrix.HystrixCommand$2.call(HystrixCommand.java:298) ~[hystrix-core-1.5.18.jar:1.5.18]
	at rx.internal.operators.OnSubscribeDefer.call(OnSubscribeDefer.java:46) ~[rxjava-1.3.8.jar:1.3.8]
	at rx.internal.operators.OnSubscribeDefer.call(OnSubscribeDefer.java:35) ~[rxjava-1.3.8.jar:1.3.8]
	at rx.internal.operators.OnSubscribeLift.call(OnSubscribeLift.java:48) ~[rxjava-1.3.8.jar:1.3.8]
	at rx.internal.operators.OnSubscribeLift.call(OnSubscribeLift.java:30) ~[rxjava-1.3.8.jar:1.3.8]
	at rx.internal.operators.OnSubscribeLift.call(OnSubscribeLift.java:48) ~[rxjava-1.3.8.jar:1.3.8]
	at rx.internal.operators.OnSubscribeLift.call(OnSubscribeLift.java:30) ~[rxjava-1.3.8.jar:1.3.8]
	at rx.internal.operators.OnSubscribeLift.call(OnSubscribeLift.java:48) ~[rxjava-1.3.8.jar:1.3.8]
	at rx.internal.operators.OnSubscribeLift.call(OnSubscribeLift.java:30) ~[rxjava-1.3.8.jar:1.3.8]
	at rx.Observable.unsafeSubscribe(Observable.java:10327) ~[rxjava-1.3.8.jar:1.3.8]
	at rx.internal.operators.OnSubscribeDefer.call(OnSubscribeDefer.java:51) ~[rxjava-1.3.8.jar:1.3.8]
	at rx.internal.operators.OnSubscribeDefer.call(OnSubscribeDefer.java:35) ~[rxjava-1.3.8.jar:1.3.8]
	at rx.internal.operators.OnSubscribeLift.call(OnSubscribeLift.java:48) ~[rxjava-1.3.8.jar:1.3.8]
	at rx.internal.operators.OnSubscribeLift.call(OnSubscribeLift.java:30) ~[rxjava-1.3.8.jar:1.3.8]
	at rx.Observable.unsafeSubscribe(Observable.java:10327) ~[rxjava-1.3.8.jar:1.3.8]
	at rx.internal.operators.OnSubscribeDoOnEach.call(OnSubscribeDoOnEach.java:41) ~[rxjava-1.3.8.jar:1.3.8]
	at rx.internal.operators.OnSubscribeDoOnEach.call(OnSubscribeDoOnEach.java:30) ~[rxjava-1.3.8.jar:1.3.8]
	at rx.Observable.unsafeSubscribe(Observable.java:10327) ~[rxjava-1.3.8.jar:1.3.8]
	at rx.internal.operators.OnSubscribeDoOnEach.call(OnSubscribeDoOnEach.java:41) ~[rxjava-1.3.8.jar:1.3.8]
	at rx.internal.operators.OnSubscribeDoOnEach.call(OnSubscribeDoOnEach.java:30) ~[rxjava-1.3.8.jar:1.3.8]
	at rx.internal.operators.OnSubscribeLift.call(OnSubscribeLift.java:48) ~[rxjava-1.3.8.jar:1.3.8]
	at rx.internal.operators.OnSubscribeLift.call(OnSubscribeLift.java:30) ~[rxjava-1.3.8.jar:1.3.8]
	at rx.Observable.unsafeSubscribe(Observable.java:10327) ~[rxjava-1.3.8.jar:1.3.8]
	at rx.internal.operators.OnSubscribeDoOnEach.call(OnSubscribeDoOnEach.java:41) ~[rxjava-1.3.8.jar:1.3.8]
	at rx.internal.operators.OnSubscribeDoOnEach.call(OnSubscribeDoOnEach.java:30) ~[rxjava-1.3.8.jar:1.3.8]
	at rx.Observable.unsafeSubscribe(Observable.java:10327) ~[rxjava-1.3.8.jar:1.3.8]
	at rx.internal.operators.OnSubscribeDoOnEach.call(OnSubscribeDoOnEach.java:41) ~[rxjava-1.3.8.jar:1.3.8]
	at rx.internal.operators.OnSubscribeDoOnEach.call(OnSubscribeDoOnEach.java:30) ~[rxjava-1.3.8.jar:1.3.8]
	at rx.Observable.unsafeSubscribe(Observable.java:10327) ~[rxjava-1.3.8.jar:1.3.8]
	at rx.internal.operators.OnSubscribeDoOnEach.call(OnSubscribeDoOnEach.java:41) ~[rxjava-1.3.8.jar:1.3.8]
	at rx.internal.operators.OnSubscribeDoOnEach.call(OnSubscribeDoOnEach.java:30) ~[rxjava-1.3.8.jar:1.3.8]
	at rx.internal.operators.OnSubscribeLift.call(OnSubscribeLift.java:48) ~[rxjava-1.3.8.jar:1.3.8]
	at rx.internal.operators.OnSubscribeLift.call(OnSubscribeLift.java:30) ~[rxjava-1.3.8.jar:1.3.8]
	at rx.Observable.unsafeSubscribe(Observable.java:10327) ~[rxjava-1.3.8.jar:1.3.8]
	at rx.internal.operators.OnSubscribeDefer.call(OnSubscribeDefer.java:51) ~[rxjava-1.3.8.jar:1.3.8]
	at rx.internal.operators.OnSubscribeDefer.call(OnSubscribeDefer.java:35) ~[rxjava-1.3.8.jar:1.3.8]
	at rx.Observable.unsafeSubscribe(Observable.java:10327) ~[rxjava-1.3.8.jar:1.3.8]
	at rx.internal.operators.OnSubscribeMap.call(OnSubscribeMap.java:48) ~[rxjava-1.3.8.jar:1.3.8]
	at rx.internal.operators.OnSubscribeMap.call(OnSubscribeMap.java:33) ~[rxjava-1.3.8.jar:1.3.8]
	at rx.Observable.unsafeSubscribe(Observable.java:10327) ~[rxjava-1.3.8.jar:1.3.8]
	at rx.internal.operators.OnSubscribeDoOnEach.call(OnSubscribeDoOnEach.java:41) ~[rxjava-1.3.8.jar:1.3.8]
	at rx.internal.operators.OnSubscribeDoOnEach.call(OnSubscribeDoOnEach.java:30) ~[rxjava-1.3.8.jar:1.3.8]
	at rx.internal.operators.OnSubscribeLift.call(OnSubscribeLift.java:48) ~[rxjava-1.3.8.jar:1.3.8]
	at rx.internal.operators.OnSubscribeLift.call(OnSubscribeLift.java:30) ~[rxjava-1.3.8.jar:1.3.8]
	at rx.Observable.unsafeSubscribe(Observable.java:10327) ~[rxjava-1.3.8.jar:1.3.8]
	at rx.internal.operators.OnSubscribeDoOnEach.call(OnSubscribeDoOnEach.java:41) ~[rxjava-1.3.8.jar:1.3.8]
	at rx.internal.operators.OnSubscribeDoOnEach.call(OnSubscribeDoOnEach.java:30) ~[rxjava-1.3.8.jar:1.3.8]
	at rx.Observable.unsafeSubscribe(Observable.java:10327) ~[rxjava-1.3.8.jar:1.3.8]
	at rx.internal.operators.OnSubscribeDefer.call(OnSubscribeDefer.java:51) ~[rxjava-1.3.8.jar:1.3.8]
	at rx.internal.operators.OnSubscribeDefer.call(OnSubscribeDefer.java:35) ~[rxjava-1.3.8.jar:1.3.8]
	at rx.internal.operators.OnSubscribeLift.call(OnSubscribeLift.java:48) ~[rxjava-1.3.8.jar:1.3.8]
	at rx.internal.operators.OnSubscribeLift.call(OnSubscribeLift.java:30) ~[rxjava-1.3.8.jar:1.3.8]
	at rx.Observable.subscribe(Observable.java:10423) ~[rxjava-1.3.8.jar:1.3.8]
	at rx.Observable.subscribe(Observable.java:10390) ~[rxjava-1.3.8.jar:1.3.8]
	at rx.internal.operators.BlockingOperatorToFuture.toFuture(BlockingOperatorToFuture.java:51) ~[rxjava-1.3.8.jar:1.3.8]
	at rx.observables.BlockingObservable.toFuture(BlockingObservable.java:410) ~[rxjava-1.3.8.jar:1.3.8]
	at com.netflix.hystrix.HystrixCommand.queue(HystrixCommand.java:378) ~[hystrix-core-1.5.18.jar:1.5.18]
	at com.netflix.hystrix.HystrixCommand.execute(HystrixCommand.java:344) ~[hystrix-core-1.5.18.jar:1.5.18]
	at org.springframework.cloud.netflix.zuul.filters.route.RibbonRoutingFilter.forward(RibbonRoutingFilter.java:167) ~[spring-cloud-netflix-zuul-2.1.1.RELEASE.jar:2.1.1.RELEASE]
	... 74 common frames omitted
20-01-20 Mon 00:06:04.836 INFO  16332 --- [trap-executor-0] ConfigClusterResolver                    : Resolving eureka endpoints via configuration
20-01-20 Mon 00:09:58.040 INFO  16332 --- [n(12)-127.0.0.1] inMXBeanRegistrar$SpringApplicationAdmin : Application shutdown requested.
20-01-20 Mon 00:09:58.046 INFO  16332 --- [n(12)-127.0.0.1] EurekaServiceRegistry                    : Unregistering application ZUUL-GATEWAY with eureka with status DOWN
20-01-20 Mon 00:09:58.047 WARN  16332 --- [n(12)-127.0.0.1] DiscoveryClient                          : Saw local status change event StatusChangeEvent [timestamp=1579475398046, current=DOWN, previous=UP]
20-01-20 Mon 00:09:58.047 INFO  16332 --- [nfoReplicator-0] DiscoveryClient                          : DiscoveryClient_ZUUL-GATEWAY/localhost:zuul-gateway:8443: registering service...
20-01-20 Mon 00:09:58.053 INFO  16332 --- [n(12)-127.0.0.1] ZuulFilterInitializer                    : Stopping filter initializer
20-01-20 Mon 00:09:58.057 INFO  16332 --- [n(12)-127.0.0.1] ShutdownEnabledTimer                     : Shutdown hook removed for: NFLoadBalancer-PingTimer-login-service
20-01-20 Mon 00:09:58.062 INFO  16332 --- [n(12)-127.0.0.1] ShutdownEnabledTimer                     : Shutdown hook removed for: NFLoadBalancer-PingTimer-main-backend
20-01-20 Mon 00:09:58.068 INFO  16332 --- [n(12)-127.0.0.1] ShutdownEnabledTimer                     : Shutdown hook removed for: NFLoadBalancer-PingTimer-agent-creation-service
20-01-20 Mon 00:09:58.080 INFO  16332 --- [n(12)-127.0.0.1] ThreadPoolTaskExecutor                   : Shutting down ExecutorService 'applicationTaskExecutor'
20-01-20 Mon 00:09:58.116 INFO  16332 --- [n(12)-127.0.0.1] DiscoveryClient                          : Shutting down DiscoveryClient ...
